<?xml version="1.0" encoding="utf-8"?><testsuites><testsuite name="autolib" errors="0" failures="0" skipped="4" tests="4" time="2.890" timestamp="2023-10-12T16:20:53.608550" hostname="ab-VM"><testcase classname="CRC_Checks.test_standard_crc" name="test_crcs[4.5.0-443]" time="0.001"><skipped type="pytest.skip" message="Quarantined: See QX-5115 for further details">/home/arthur/projects/qx_sw/tests/CRC_Checks/test_standard_crc.py:201: Quarantined: See QX-5115 for further details</skipped><system-out>--------------------------------- Captured Out ---------------------------------

</system-out><system-out>--------------------------------- Captured Out ---------------------------------

</system-out></testcase><testcase classname="CRC_Checks.test_standard_crc" name="test_crcs[4.3.1-392]" time="0.001"><skipped type="pytest.skip" message="Quarantined: See QX-5115 for further details">/home/arthur/projects/qx_sw/tests/CRC_Checks/test_standard_crc.py:201: Quarantined: See QX-5115 for further details</skipped><system-out>--------------------------------- Captured Out ---------------------------------

</system-out><system-out>--------------------------------- Captured Out ---------------------------------

</system-out></testcase><testcase classname="CRC_Checks.test_standard_crc" name="test_crcs[4.4.0-387]" time="0.001"><skipped type="pytest.skip" message="Quarantined: See QX-5115 for further details">/home/arthur/projects/qx_sw/tests/CRC_Checks/test_standard_crc.py:201: Quarantined: See QX-5115 for further details</skipped><system-out>--------------------------------- Captured Out ---------------------------------

</system-out><system-out>--------------------------------- Captured Out ---------------------------------

</system-out></testcase><testcase classname="CRC_Checks.test_standard_crc" name="test_sad_crc_files[1.0.0-1]" time="0.000"><skipped type="pytest.skip" message="Quarantined: See QX-5115 for further details">/home/arthur/projects/qx_sw/tests/CRC_Checks/test_standard_crc.py:216: Quarantined: See QX-5115 for further details</skipped><system-out>--------------------------------- Captured Out ---------------------------------

</system-out><system-out>--------------------------------- Captured Out ---------------------------------

</system-out></testcase></testsuite></testsuites>